Using pre-set license
Built from '2020.2/release' branch; Version is '2020.2.2f1 (068178b99f32) revision 426360'; Using compiler version '192528614'; Build Type 'Release'
OS: 'Windows 10 Home; OS build 19042.1237; Version 2009; 64bit' Language: 'hu' Physical Memory: 32587 MB
BatchMode: 1, IsHumanControllingUs: 0, StartBugReporterOnCrash: 0, Is64bit: 1, IsPro: 0

 COMMAND LINE ARGUMENTS:
C:\Program Files\Unity\Hub\Editor\2020.2.2f1\Editor\Unity.exe
-adb2
-batchMode
-noUpm
-name
AssetImportWorker0
-projectPath
D:/UnityProjects/PhotonPUNDemo
-logFile
Logs/AssetImportWorker0.log
-srvPort
56857
Successfully changed project path to: D:/UnityProjects/PhotonPUNDemo
D:/UnityProjects/PhotonPUNDemo
Using Asset Import Pipeline V2.
Refreshing native plugins compatible for Editor in 21.76 ms, found 0 plugins.
Preloading 0 native plugins for Editor in 0.00 ms.
Initialize engine version: 2020.2.2f1 (068178b99f32)
[Subsystems] Discovering subsystems at path C:/Program Files/Unity/Hub/Editor/2020.2.2f1/Editor/Data/Resources/UnitySubsystems
[Subsystems] Discovering subsystems at path D:/UnityProjects/PhotonPUNDemo/Assets
GfxDevice: creating device client; threaded=0
Direct3D:
    Version:  Direct3D 11.0 [level 11.1]
    Renderer: NVIDIA GeForce RTX 2070 Super (ID=0x1e91)
    Vendor:   
    VRAM:     8011 MB
    Driver:   27.21.14.5671
Initialize mono
Mono path[0] = 'C:/Program Files/Unity/Hub/Editor/2020.2.2f1/Editor/Data/Managed'
Mono path[1] = 'C:/Program Files/Unity/Hub/Editor/2020.2.2f1/Editor/Data/MonoBleedingEdge/lib/mono/unityjit'
Mono config path = 'C:/Program Files/Unity/Hub/Editor/2020.2.2f1/Editor/Data/MonoBleedingEdge/etc'
Using monoOptions --debugger-agent=transport=dt_socket,embedding=1,server=y,suspend=n,address=127.0.0.1:56064
Begin MonoManager ReloadAssembly
Registering precompiled unity dll's ...
Register platform support module: C:/Program Files/Unity/Hub/Editor/2020.2.2f1/Editor/Data/PlaybackEngines/WindowsStandaloneSupport/UnityEditor.WindowsStandalone.Extensions.dll
Registered in 0.001325 seconds.
Native extension for WindowsStandalone target not found
Refreshing native plugins compatible for Editor in 23.90 ms, found 0 plugins.
Preloading 0 native plugins for Editor in 0.00 ms.
Invoked RoslynAnalysisRunner static constructor.
RoslynAnalysisRunner will not be running.
RoslynAnalysisRunner has terminated.
Mono: successfully reloaded assembly
- Completed reload, in  0.733 seconds
Platform modules already initialized, skipping
Registering precompiled user dll's ...
Registered in 0.001517 seconds.
Begin MonoManager ReloadAssembly
Native extension for WindowsStandalone target not found
Refreshing native plugins compatible for Editor in 0.24 ms, found 0 plugins.
Preloading 0 native plugins for Editor in 0.00 ms.
Invoked RoslynAnalysisRunner static constructor.
RoslynAnalysisRunner will not be running.
RoslynAnalysisRunner has terminated.
Mono: successfully reloaded assembly
- Completed reload, in  0.779 seconds
Platform modules already initialized, skipping
========================================================================
Worker process is ready to serve import requests
Launched and connected shader compiler UnityShaderCompiler.exe after 0.03 seconds
Refreshing native plugins compatible for Editor in 0.29 ms, found 0 plugins.
Preloading 0 native plugins for Editor in 0.00 ms.
Unloading 1343 Unused Serialized files (Serialized files now loaded: 0)
System memory in use before: 65.5 MB.
System memory in use after: 65.5 MB.

Unloading 14 unused Assets to reduce memory usage. Loaded Objects now: 1780.
Total: 1.968700 ms (FindLiveObjects: 0.160800 ms CreateObjectMapping: 0.093900 ms MarkObjects: 1.645100 ms  DeleteObjects: 0.068100 ms)

========================================================================
Received Import Request.
  path: Assets/Scenes/GameArea.unity
  artifactKey: Guid(0d5aacf77a40190479cb333da5064390) Importer(815301076,1909f56bfc062723c751e8b465ee728b)
Start importing Assets/Scenes/GameArea.unity using Guid(0d5aacf77a40190479cb333da5064390) Importer(815301076,1909f56bfc062723c751e8b465ee728b)  -> (artifact id: 'ac7f3735edc08380ddfa0d2254351e85') in 0.013093 seconds
  Import took 0.014990 seconds .

========================================================================
Received Import Request.
  Time since last request: 0.000179 seconds.
  path: Assets/Scenes
  artifactKey: Guid(4132c1155f5508445b6cc644f703c476) Importer(815301076,1909f56bfc062723c751e8b465ee728b)
Start importing Assets/Scenes using Guid(4132c1155f5508445b6cc644f703c476) Importer(815301076,1909f56bfc062723c751e8b465ee728b)  -> (artifact id: '76a5cfebc16d858f00dfeeec56c69ca1') in 0.900440 seconds
  Import took 0.902116 seconds .

========================================================================
Received Prepare
Registering precompiled user dll's ...
Registered in 0.001607 seconds.
Begin MonoManager ReloadAssembly
Native extension for WindowsStandalone target not found
Refreshing native plugins compatible for Editor in 0.23 ms, found 0 plugins.
Preloading 0 native plugins for Editor in 0.00 ms.
Invoked RoslynAnalysisRunner static constructor.
RoslynAnalysisRunner will not be running.
RoslynAnalysisRunner has terminated.
Mono: successfully reloaded assembly
- Completed reload, in  0.617 seconds
Platform modules already initialized, skipping
Refreshing native plugins compatible for Editor in 0.24 ms, found 0 plugins.
Preloading 0 native plugins for Editor in 0.00 ms.
Unloading 1323 Unused Serialized files (Serialized files now loaded: 0)
System memory in use before: 64.4 MB.
System memory in use after: 64.5 MB.

Unloading 9 unused Assets to reduce memory usage. Loaded Objects now: 1782.
Total: 1.350400 ms (FindLiveObjects: 0.136700 ms CreateObjectMapping: 0.039600 ms MarkObjects: 1.160800 ms  DeleteObjects: 0.012500 ms)

========================================================================
Received Import Request.
  Time since last request: 3336.566823 seconds.
  path: Assets/Photon/PhotonUnityNetworking/Resources/PhotonServerSettings.asset
  artifactKey: Guid(1096dfcb8ec681d4890e6ee3f8dd08de) Importer(815301076,1909f56bfc062723c751e8b465ee728b)
Start importing Assets/Photon/PhotonUnityNetworking/Resources/PhotonServerSettings.asset using Guid(1096dfcb8ec681d4890e6ee3f8dd08de) Importer(815301076,1909f56bfc062723c751e8b465ee728b)  -> (artifact id: '2a1d9ef71998014893508db75f233f80') in 0.025747 seconds
  Import took 0.027643 seconds .

========================================================================
Received Import Request.
  Time since last request: 0.011228 seconds.
  path: Assets/Photon/PhotonUnityNetworking/Resources/PhotonServerSettings.asset
  artifactKey: Guid(1096dfcb8ec681d4890e6ee3f8dd08de) Importer(815301076,1909f56bfc062723c751e8b465ee728b)
Start importing Assets/Photon/PhotonUnityNetworking/Resources/PhotonServerSettings.asset using Guid(1096dfcb8ec681d4890e6ee3f8dd08de) Importer(815301076,1909f56bfc062723c751e8b465ee728b)  -> (artifact id: '2a1d9ef71998014893508db75f233f80') in 0.004229 seconds
  Import took 0.006479 seconds .

========================================================================
Received Prepare
Registering precompiled user dll's ...
Registered in 0.001538 seconds.
Begin MonoManager ReloadAssembly
Native extension for WindowsStandalone target not found
Refreshing native plugins compatible for Editor in 0.26 ms, found 0 plugins.
Preloading 0 native plugins for Editor in 0.00 ms.
Invoked RoslynAnalysisRunner static constructor.
RoslynAnalysisRunner will not be running.
RoslynAnalysisRunner has terminated.
Mono: successfully reloaded assembly
- Completed reload, in  0.656 seconds
Platform modules already initialized, skipping
Refreshing native plugins compatible for Editor in 0.25 ms, found 0 plugins.
Preloading 0 native plugins for Editor in 0.00 ms.
Unloading 1323 Unused Serialized files (Serialized files now loaded: 0)
System memory in use before: 64.6 MB.
System memory in use after: 64.7 MB.

Unloading 9 unused Assets to reduce memory usage. Loaded Objects now: 1784.
Total: 1.357900 ms (FindLiveObjects: 0.136000 ms CreateObjectMapping: 0.044300 ms MarkObjects: 1.163300 ms  DeleteObjects: 0.013300 ms)

========================================================================
Received Import Request.
  Time since last request: 123.350882 seconds.
  path: Assets/Scenes/MainMenu.unity
  artifactKey: Guid(ab5abda67b8178b41955db75b953b4cd) Importer(815301076,1909f56bfc062723c751e8b465ee728b)
Start importing Assets/Scenes/MainMenu.unity using Guid(ab5abda67b8178b41955db75b953b4cd) Importer(815301076,1909f56bfc062723c751e8b465ee728b)  -> (artifact id: '19fca16ef2d904d49f701c6adfbbda65') in 0.016429 seconds
  Import took 0.018165 seconds .

========================================================================
Received Prepare
Registering precompiled user dll's ...
Registered in 0.001644 seconds.
Begin MonoManager ReloadAssembly
Native extension for WindowsStandalone target not found
Refreshing native plugins compatible for Editor in 0.25 ms, found 0 plugins.
Preloading 0 native plugins for Editor in 0.00 ms.
Invoked RoslynAnalysisRunner static constructor.
RoslynAnalysisRunner will not be running.
RoslynAnalysisRunner has terminated.
Mono: successfully reloaded assembly
- Completed reload, in  0.677 seconds
Platform modules already initialized, skipping
Refreshing native plugins compatible for Editor in 0.25 ms, found 0 plugins.
Preloading 0 native plugins for Editor in 0.00 ms.
Unloading 1323 Unused Serialized files (Serialized files now loaded: 0)
System memory in use before: 64.7 MB.
System memory in use after: 64.8 MB.

Unloading 9 unused Assets to reduce memory usage. Loaded Objects now: 1786.
Total: 1.679400 ms (FindLiveObjects: 0.217500 ms CreateObjectMapping: 0.086600 ms MarkObjects: 1.361500 ms  DeleteObjects: 0.012900 ms)

========================================================================
Received Prepare
Refreshing native plugins compatible for Editor in 1.47 ms, found 0 plugins.
Preloading 0 native plugins for Editor in 0.00 ms.
Unloading 7 Unused Serialized files (Serialized files now loaded: 0)
System memory in use before: 38.8 MB.
System memory in use after: 39.0 MB.

Unloading 7 unused Assets to reduce memory usage. Loaded Objects now: 1786.
Total: 2.718600 ms (FindLiveObjects: 0.321100 ms CreateObjectMapping: 0.086500 ms MarkObjects: 2.296400 ms  DeleteObjects: 0.012300 ms)

========================================================================
Received Prepare
Registering precompiled user dll's ...
Registered in 0.001478 seconds.
Begin MonoManager ReloadAssembly
Native extension for WindowsStandalone target not found
Refreshing native plugins compatible for Editor in 0.27 ms, found 0 plugins.
Preloading 0 native plugins for Editor in 0.00 ms.
Invoked RoslynAnalysisRunner static constructor.
RoslynAnalysisRunner will not be running.
RoslynAnalysisRunner has terminated.
Mono: successfully reloaded assembly
- Completed reload, in  0.727 seconds
Platform modules already initialized, skipping
Refreshing native plugins compatible for Editor in 0.28 ms, found 0 plugins.
Preloading 0 native plugins for Editor in 0.00 ms.
Unloading 1323 Unused Serialized files (Serialized files now loaded: 0)
System memory in use before: 65.0 MB.
System memory in use after: 65.1 MB.

Unloading 9 unused Assets to reduce memory usage. Loaded Objects now: 1788.
Total: 1.619900 ms (FindLiveObjects: 0.180300 ms CreateObjectMapping: 0.061000 ms MarkObjects: 1.359800 ms  DeleteObjects: 0.017700 ms)

========================================================================
Received Prepare
Refreshing native plugins compatible for Editor in 1.44 ms, found 0 plugins.
Preloading 0 native plugins for Editor in 0.00 ms.
Unloading 7 Unused Serialized files (Serialized files now loaded: 0)
System memory in use before: 39.1 MB.
System memory in use after: 39.2 MB.

Unloading 7 unused Assets to reduce memory usage. Loaded Objects now: 1788.
Total: 2.177400 ms (FindLiveObjects: 0.673600 ms CreateObjectMapping: 0.043800 ms MarkObjects: 1.448800 ms  DeleteObjects: 0.010100 ms)

========================================================================
Received Import Request.
  Time since last request: 474.298886 seconds.
  path: Assets/Scripts/NetworkDetectionExit.cs
  artifactKey: Guid(52b812081ddf10a4097f8fe6dea1ecb4) Importer(815301076,1909f56bfc062723c751e8b465ee728b)
Start importing Assets/Scripts/NetworkDetectionExit.cs using Guid(52b812081ddf10a4097f8fe6dea1ecb4) Importer(815301076,1909f56bfc062723c751e8b465ee728b)  -> (artifact id: 'fc1b11c7406880fb97e6c2c9025b8e41') in 0.015784 seconds
  Import took 0.033130 seconds .

========================================================================
Received Prepare
Registering precompiled user dll's ...
Registered in 0.025101 seconds.
Begin MonoManager ReloadAssembly
Native extension for WindowsStandalone target not found
Refreshing native plugins compatible for Editor in 0.27 ms, found 0 plugins.
Preloading 0 native plugins for Editor in 0.00 ms.
Invoked RoslynAnalysisRunner static constructor.
RoslynAnalysisRunner will not be running.
RoslynAnalysisRunner has terminated.
Mono: successfully reloaded assembly
- Completed reload, in  0.668 seconds
Platform modules already initialized, skipping
Refreshing native plugins compatible for Editor in 0.25 ms, found 0 plugins.
Preloading 0 native plugins for Editor in 0.00 ms.
Unloading 1323 Unused Serialized files (Serialized files now loaded: 0)
System memory in use before: 65.3 MB.
System memory in use after: 65.4 MB.

Unloading 9 unused Assets to reduce memory usage. Loaded Objects now: 1790.
Total: 1.483800 ms (FindLiveObjects: 0.172000 ms CreateObjectMapping: 0.067300 ms MarkObjects: 1.229700 ms  DeleteObjects: 0.013700 ms)

========================================================================
Received Prepare
Registering precompiled user dll's ...
Registered in 0.001756 seconds.
Begin MonoManager ReloadAssembly
Native extension for WindowsStandalone target not found
Refreshing native plugins compatible for Editor in 0.25 ms, found 0 plugins.
Preloading 0 native plugins for Editor in 0.00 ms.
Invoked RoslynAnalysisRunner static constructor.
RoslynAnalysisRunner will not be running.
RoslynAnalysisRunner has terminated.
Mono: successfully reloaded assembly
- Completed reload, in  0.688 seconds
Platform modules already initialized, skipping
Refreshing native plugins compatible for Editor in 0.27 ms, found 0 plugins.
Preloading 0 native plugins for Editor in 0.00 ms.
Unloading 1323 Unused Serialized files (Serialized files now loaded: 0)
System memory in use before: 65.5 MB.
System memory in use after: 65.6 MB.

Unloading 9 unused Assets to reduce memory usage. Loaded Objects now: 1792.
Total: 1.356600 ms (FindLiveObjects: 0.153500 ms CreateObjectMapping: 0.042900 ms MarkObjects: 1.146500 ms  DeleteObjects: 0.011800 ms)

========================================================================
Received Import Request.
  Time since last request: 312.084854 seconds.
  path: Assets/Scenes/GameArea.unity
  artifactKey: Guid(0d5aacf77a40190479cb333da5064390) Importer(815301076,1909f56bfc062723c751e8b465ee728b)
Start importing Assets/Scenes/GameArea.unity using Guid(0d5aacf77a40190479cb333da5064390) Importer(815301076,1909f56bfc062723c751e8b465ee728b)  -> (artifact id: 'c4eacd85571fd3b259aa01575d3e79da') in 0.010026 seconds
  Import took 0.346834 seconds .

========================================================================
Received Import Request.
  Time since last request: 31.315030 seconds.
  path: Assets/Prefabs/Resources
  artifactKey: Guid(e4cab5a9bc625044dbaf2593aab9bd6e) Importer(815301076,1909f56bfc062723c751e8b465ee728b)
Start importing Assets/Prefabs/Resources using Guid(e4cab5a9bc625044dbaf2593aab9bd6e) Importer(815301076,1909f56bfc062723c751e8b465ee728b)  -> (artifact id: 'f3ff187d412d8e033d245d92d86b4c98') in 0.008067 seconds
  Import took 0.112137 seconds .

========================================================================
Received Import Request.
  Time since last request: 1.028031 seconds.
  path: Assets/Prefabs/Resources/Cylinders.prefab
  artifactKey: Guid(f26e071aa6998f548a0f7ff5014cd011) Importer(815301076,1909f56bfc062723c751e8b465ee728b)
Start importing Assets/Prefabs/Resources/Cylinders.prefab using Guid(f26e071aa6998f548a0f7ff5014cd011) Importer(815301076,1909f56bfc062723c751e8b465ee728b)  -> (artifact id: 'e951f14da79fb33d2985ef417f8db424') in 0.184730 seconds
  Import took 0.203043 seconds .

========================================================================
Received Import Request.
  Time since last request: 0.132907 seconds.
  path: Assets/Prefabs/Resources/Cylinder.prefab
  artifactKey: Guid(7cf7f2ab80220234994ef1458143fe5c) Importer(815301076,1909f56bfc062723c751e8b465ee728b)
Start importing Assets/Prefabs/Resources/Cylinder.prefab using Guid(7cf7f2ab80220234994ef1458143fe5c) Importer(815301076,1909f56bfc062723c751e8b465ee728b)  -> (artifact id: 'da533bc8e703de90d52aebf65c1fa889') in 0.040235 seconds
  Import took 0.043205 seconds .

========================================================================
Received Prepare
Registering precompiled user dll's ...
Registered in 0.001695 seconds.
Begin MonoManager ReloadAssembly
Native extension for WindowsStandalone target not found
Refreshing native plugins compatible for Editor in 0.24 ms, found 0 plugins.
Preloading 0 native plugins for Editor in 0.00 ms.
Invoked RoslynAnalysisRunner static constructor.
RoslynAnalysisRunner will not be running.
RoslynAnalysisRunner has terminated.
Mono: successfully reloaded assembly
- Completed reload, in  0.603 seconds
Platform modules already initialized, skipping
Refreshing native plugins compatible for Editor in 0.24 ms, found 0 plugins.
Preloading 0 native plugins for Editor in 0.00 ms.
Unloading 1323 Unused Serialized files (Serialized files now loaded: 0)
System memory in use before: 70.7 MB.
System memory in use after: 70.9 MB.

Unloading 10 unused Assets to reduce memory usage. Loaded Objects now: 1802.
Total: 1.323200 ms (FindLiveObjects: 0.124200 ms CreateObjectMapping: 0.035200 ms MarkObjects: 1.149400 ms  DeleteObjects: 0.013700 ms)

========================================================================
Received Import Request.
  Time since last request: 91.929452 seconds.
  path: Assets/Photon/PhotonUnityNetworking/Resources/PhotonServerSettings.asset
  artifactKey: Guid(1096dfcb8ec681d4890e6ee3f8dd08de) Importer(815301076,1909f56bfc062723c751e8b465ee728b)
Start importing Assets/Photon/PhotonUnityNetworking/Resources/PhotonServerSettings.asset using Guid(1096dfcb8ec681d4890e6ee3f8dd08de) Importer(815301076,1909f56bfc062723c751e8b465ee728b)  -> (artifact id: 'a6ac525995a2aa0eecccb1b804a8d182') in 0.093923 seconds
  Import took 0.121647 seconds .

========================================================================
Received Import Request.
  Time since last request: 0.018661 seconds.
  path: Assets/Photon/PhotonUnityNetworking/Resources/PhotonServerSettings.asset
  artifactKey: Guid(1096dfcb8ec681d4890e6ee3f8dd08de) Importer(815301076,1909f56bfc062723c751e8b465ee728b)
Start importing Assets/Photon/PhotonUnityNetworking/Resources/PhotonServerSettings.asset using Guid(1096dfcb8ec681d4890e6ee3f8dd08de) Importer(815301076,1909f56bfc062723c751e8b465ee728b)  -> (artifact id: 'a6ac525995a2aa0eecccb1b804a8d182') in 0.002826 seconds
  Import took 0.004813 seconds .

AssetImportWorkerClient::OnTransportError - code=2 error=End of file
